[INFO] [2021-05-07 11:20:59] server.js : SMART-PHARMACY-APPLICATION started on port 3010
[INFO] [2021-05-07 11:20:59] server.js : 'Uploads' directory successfully created.
[INFO] [2021-05-07 11:22:58] server.js : SMART-PHARMACY-APPLICATION started on port 3010
[INFO] [2021-05-07 11:22:58] server.js : 'Uploads' directory successfully created.
[INFO] [2021-05-07 11:24:19] server.js : SMART-PHARMACY-APPLICATION started on port 3010
[INFO] [2021-05-07 11:24:19] server.js : 'Uploads' directory successfully created.
[[32MINFO[39M] [2021-05-07 11:35:19] server.js : SMART-PHARMACY-APPLICATION started on port 3010
[[32MINFO[39M] [2021-05-07 11:35:19] server.js : 'Uploads' directory successfully created.
[INFO] [2021-05-07 11:35:36] server.js : SMART-PHARMACY-APPLICATION started on port 3010
[INFO] [2021-05-07 11:35:36] server.js : 'Uploads' directory successfully created.
[[32MINFO[39M] [2021-05-07 11:37:49] server.js : SMART-PHARMACY-APPLICATION started on port 3010
[[32MINFO[39M] [2021-05-07 11:37:49] server.js : 'Uploads' directory successfully created.
[INFO] [2021-05-07 11:39:02] server.js : SMART-PHARMACY-APPLICATION started on port 3010
[INFO] [2021-05-07 11:39:02] server.js : 'Uploads' directory successfully created.
[[32MINFO[39M] [2021-05-07 11:40:04] server.js : [32mSMART-PHARMACY-APPLICATION started on port 3010[39m
[[32MINFO[39M] [2021-05-07 11:40:04] server.js : [32m'Uploads' directory successfully created.[39m
[[32MINFO[39M] [2021-05-07 11:41:11] server.js : [32mSMART-PHARMACY-APPLICATION started on port 3010[39m
[[32MINFO[39M] [2021-05-07 11:41:11] server.js : [32m'Uploads' directory successfully created.[39m
[INFO] [2021-05-07 11:42:02] server.js : SMART-PHARMACY-APPLICATION started on port 3010
[INFO] [2021-05-07 11:42:02] server.js : 'Uploads' directory successfully created.
[INFO] [2021-05-07 11:42:18] server.js : SMART-PHARMACY-APPLICATION started on port 3010
[INFO] [2021-05-07 11:42:18] server.js : 'Uploads' directory successfully created.
[INFO] [2021-05-07 11:46:15] server.js : SMART-PHARMACY-APPLICATION started on port 3010
[INFO] [2021-05-07 11:46:15] server.js : 'Uploads' directory successfully created.
[INFO] [2021-05-07 11:46:28] server.js : SMART-PHARMACY-APPLICATION started on port 3010
[INFO] [2021-05-07 11:46:28] server.js : 'Uploads' directory successfully created.
